2025-08-08 01:24:59 | ERROR    | main:<module>:23 - Import error: attempted relative import beyond top-level package
2025-08-08 01:24:59 | INFO     | main:lifespan:67 - Starting AI Service...
2025-08-08 01:24:59 | INFO     | main:init_db:32 - Mock database initialization
2025-08-08 01:24:59 | INFO     | main:lifespan:69 - Database initialized
2025-08-08 01:24:59 | INFO     | main:lifespan:72 - Loading ML models...
2025-08-08 01:25:30 | INFO     | main:lifespan:78 - Shutting down AI Service...
2025-08-08 01:25:30 | INFO     | main:close_db:36 - Mock database close
2025-08-08 01:25:30 | INFO     | main:lifespan:80 - Database connections closed
2025-08-08 01:26:33 | ERROR    | main:<module>:23 - Import error: attempted relative import beyond top-level package
2025-08-08 01:26:33 | INFO     | main:lifespan:86 - Starting AI Service...
2025-08-08 01:26:33 | INFO     | main:init_db:51 - Mock database initialization
2025-08-08 01:26:33 | INFO     | main:lifespan:88 - Database initialized
2025-08-08 01:26:33 | INFO     | main:lifespan:91 - Loading ML models...
2025-08-08 01:27:48 | INFO     | main:lifespan:97 - Shutting down AI Service...
2025-08-08 01:27:48 | INFO     | main:close_db:55 - Mock database close
2025-08-08 01:27:48 | INFO     | main:lifespan:99 - Database connections closed
2025-08-08 01:27:49 | ERROR    | main:<module>:23 - Import error: attempted relative import beyond top-level package
2025-08-08 01:27:49 | INFO     | main:lifespan:86 - Starting AI Service...
2025-08-08 01:27:49 | INFO     | main:init_db:51 - Mock database initialization
2025-08-08 01:27:49 | INFO     | main:lifespan:88 - Database initialized
2025-08-08 01:27:49 | INFO     | main:lifespan:91 - Loading ML models...
2025-08-08 01:27:59 | ERROR    | main:<module>:23 - Import error: attempted relative import beyond top-level package
2025-08-08 01:27:59 | INFO     | main:lifespan:86 - Starting AI Service...
2025-08-08 01:27:59 | INFO     | main:init_db:51 - Mock database initialization
2025-08-08 01:27:59 | INFO     | main:lifespan:88 - Database initialized
2025-08-08 01:27:59 | INFO     | main:lifespan:91 - Loading ML models...
2025-08-08 01:30:00 | INFO     | main:lifespan:97 - Shutting down AI Service...
2025-08-08 01:30:00 | INFO     | main:close_db:55 - Mock database close
2025-08-08 01:30:00 | INFO     | main:lifespan:99 - Database connections closed
2025-08-08 01:30:01 | ERROR    | main:<module>:23 - Import error: attempted relative import beyond top-level package
2025-08-08 01:30:01 | INFO     | main:lifespan:86 - Starting AI Service...
2025-08-08 01:30:01 | INFO     | main:init_db:51 - Mock database initialization
2025-08-08 01:30:01 | INFO     | main:lifespan:88 - Database initialized
2025-08-08 01:30:01 | INFO     | main:lifespan:91 - Loading ML models...
2025-08-08 01:30:55 | INFO     | main:lifespan:97 - Shutting down AI Service...
2025-08-08 01:30:55 | INFO     | main:close_db:55 - Mock database close
2025-08-08 01:30:55 | INFO     | main:lifespan:99 - Database connections closed
2025-08-08 01:30:56 | ERROR    | main:<module>:29 - Import error: No module named 'redis'
2025-08-08 01:30:56 | INFO     | main:lifespan:91 - Starting AI Service...
2025-08-08 01:30:56 | INFO     | main:init_db:57 - Mock database initialized
2025-08-08 01:30:56 | INFO     | main:lifespan:93 - Database initialized
2025-08-08 01:30:56 | INFO     | main:lifespan:96 - Loading ML models...
2025-08-08 01:33:46 | ERROR    | main:<module>:29 - Import error: No module named 'redis'
2025-08-08 01:33:46 | INFO     | main:lifespan:91 - Starting AI Service...
2025-08-08 01:33:46 | INFO     | main:init_db:57 - Mock database initialized
2025-08-08 01:33:46 | INFO     | main:lifespan:93 - Database initialized
2025-08-08 01:33:46 | INFO     | main:lifespan:96 - Loading ML models...
