{
  service: 'user-service',
  code: 'ER_BAD_DB_ERROR',
  errno: 1049,
  sqlState: '42000',
  sqlMessage: "Unknown database 'rocket_training_system'",
  sql: undefined,
  level: 'error',
  message: "Database connection failed: Unknown database 'rocket_training_system'",
  stack: "Error: Unknown database 'rocket_training_system'\n" +
    '    at Packet.asError (D:\\trae\\my_rocket_global_app\\backend\\user-service\\node_modules\\mysql2\\lib\\packets\\packet.js:740:17)\n' +
    '    at ClientHandshake.execute (D:\\trae\\my_rocket_global_app\\backend\\user-service\\node_modules\\mysql2\\lib\\commands\\command.js:29:26)\n' +
    '    at PoolConnection.handlePacket (D:\\trae\\my_rocket_global_app\\backend\\user-service\\node_modules\\mysql2\\lib\\base\\connection.js:475:34)\n' +
    '    at PacketParser.onPacket (D:\\trae\\my_rocket_global_app\\backend\\user-service\\node_modules\\mysql2\\lib\\base\\connection.js:93:12)\n' +
    '    at PacketParser.executeStart (D:\\trae\\my_rocket_global_app\\backend\\user-service\\node_modules\\mysql2\\lib\\packet_parser.js:75:16)\n' +
    '    at Socket.<anonymous> (D:\\trae\\my_rocket_global_app\\backend\\user-service\\node_modules\\mysql2\\lib\\base\\connection.js:100:25)\n' +
    '    at Socket.emit (node:events:518:28)\n' +
    '    at addChunk (node:internal/streams/readable:561:12)\n' +
    '    at readableAddChunkPushByteMode (node:internal/streams/readable:512:3)\n' +
    '    at Readable.push (node:internal/streams/readable:392:5)',
  timestamp: '2025-08-08 11:15:59'
}
